


 ????：2022-02-02 15:58:58,799 
日志??：  DEBUG 
出??：MESJuniper.Base.Syn140+<>c__DisplayClass4_3.<FunctionRun>b__3  
??描述：Jnp140-Get140:tol58968 ID :3382587 count: 1000 time:21.2291049 




 ????：2022-02-02 15:59:16,385 
日志??：  DEBUG 
出??：MESJuniper.Base.Syn140+<>c__DisplayClass4_3.<FunctionRun>b__3  
??描述：Jnp140-Get140:tol58968 ID :3405744 count: 2000 time:17.5868867 




 ????：2022-02-02 15:59:40,186 
日志??：  DEBUG 
出??：MESJuniper.Base.Syn140+<>c__DisplayClass4_3.<FunctionRun>b__3  
??描述：Jnp140-Get140:tol58968 ID :3406017 count: 3000 time:23.8005832 




 ????：2022-02-02 16:00:02,855 
日志??：  DEBUG 
出??：MESJuniper.Base.Syn140+<>c__DisplayClass4_3.<FunctionRun>b__3  
??描述：Jnp140-Get140:tol58968 ID :3415836 count: 4000 time:22.6688522 




 ????：2022-02-02 16:00:29,534 
日志??：  DEBUG 
出??：MESJuniper.Base.Syn140+<>c__DisplayClass4_3.<FunctionRun>b__3  
??描述：Jnp140-Get140:tol58968 ID :3389335 count: 5000 time:26.6792146 




 ????：2022-02-02 16:00:56,686 
日志??：  DEBUG 
出??：MESJuniper.Base.Syn140+<>c__DisplayClass4_3.<FunctionRun>b__3  
??描述：Jnp140-Get140:tol58968 ID :3386103 count: 6000 time:27.1523743 




 ????：2022-02-02 16:01:22,299 
日志??：  DEBUG 
出??：MESJuniper.Base.Syn140+<>c__DisplayClass4_3.<FunctionRun>b__3  
??描述：Jnp140-Get140:tol58968 ID :3392921 count: 7000 time:25.6123765 




 ????：2022-02-02 16:01:41,349 
日志??：  DEBUG 
出??：MESJuniper.Base.Syn140+<>c__DisplayClass4_3.<FunctionRun>b__3  
??描述：Jnp140-Get140:tol58968 ID :3399188 count: 8000 time:19.049946 




 ????：2022-02-02 16:02:07,885 
日志??：  DEBUG 
出??：MESJuniper.Base.Syn140+<>c__DisplayClass4_3.<FunctionRun>b__3  
??描述：Jnp140-Get140:tol58968 ID :3382998 count: 9000 time:26.535461 




 ????：2022-02-02 16:02:35,834 
日志??：  DEBUG 
出??：MESJuniper.Base.Syn140+<>c__DisplayClass4_3.<FunctionRun>b__3  
??描述：Jnp140-Get140:tol58968 ID :3439191 count: 10000 time:27.9502683 




 ????：2022-02-02 16:02:58,647 
日志??：  DEBUG 
出??：MESJuniper.Base.Syn140+<>c__DisplayClass4_3.<FunctionRun>b__3  
??描述：Jnp140-Get140:tol58968 ID :3386767 count: 11000 time:22.8112825 




 ????：2022-02-02 16:03:22,376 
日志??：  DEBUG 
出??：MESJuniper.Base.Syn140+<>c__DisplayClass4_3.<FunctionRun>b__3  
??描述：Jnp140-Get140:tol58968 ID :3381609 count: 12000 time:23.7301004 




 ????：2022-02-02 16:03:34,969 
日志??：  DEBUG 
出??：MESJuniper.Base.Syn140+<>c__DisplayClass4_3.<FunctionRun>b__3  
??描述：Jnp140-Get140:tol58968 ID :3393895 count: 13000 time:12.5930633 




 ????：2022-02-02 16:03:43,061 
日志??：  DEBUG 
出??：MESJuniper.Base.Syn140+<>c__DisplayClass4_3.<FunctionRun>b__3  
??描述：Jnp140-Get140:tol58968 ID :3402762 count: 14000 time:8.0923489 




 ????：2022-02-02 16:03:50,951 
日志??：  DEBUG 
出??：MESJuniper.Base.Syn140+<>c__DisplayClass4_3.<FunctionRun>b__3  
??描述：Jnp140-Get140:tol58968 ID :3435931 count: 15000 time:7.8897081 




 ????：2022-02-02 16:03:58,838 
日志??：  DEBUG 
出??：MESJuniper.Base.Syn140+<>c__DisplayClass4_3.<FunctionRun>b__3  
??描述：Jnp140-Get140:tol58968 ID :3423310 count: 16000 time:7.8866482 




 ????：2022-02-02 16:04:06,638 
日志??：  DEBUG 
出??：MESJuniper.Base.Syn140+<>c__DisplayClass4_3.<FunctionRun>b__3  
??描述：Jnp140-Get140:tol58968 ID :3416351 count: 17000 time:7.8008498 




 ????：2022-02-02 16:04:14,552 
日志??：  DEBUG 
出??：MESJuniper.Base.Syn140+<>c__DisplayClass4_3.<FunctionRun>b__3  
??描述：Jnp140-Get140:tol58968 ID :3384403 count: 18000 time:7.9138094 




 ????：2022-02-02 16:04:22,352 
日志??：  DEBUG 
出??：MESJuniper.Base.Syn140+<>c__DisplayClass4_3.<FunctionRun>b__3  
??描述：Jnp140-Get140:tol58968 ID :3423471 count: 19000 time:7.7995759 




 ????：2022-02-02 16:04:34,228 
日志??：  DEBUG 
出??：MESJuniper.Base.Syn140+<>c__DisplayClass4_3.<FunctionRun>b__3  
??描述：Jnp140-Get140:tol58968 ID :3423520 count: 20000 time:11.8765874 




 ????：2022-02-02 16:04:42,227 
日志??：  DEBUG 
出??：MESJuniper.Base.Syn140+<>c__DisplayClass4_3.<FunctionRun>b__3  
??描述：Jnp140-Get140:tol58968 ID :3399507 count: 21000 time:7.998812 




 ????：2022-02-02 16:04:50,552 
日志??：  DEBUG 
出??：MESJuniper.Base.Syn140+<>c__DisplayClass4_3.<FunctionRun>b__3  
??描述：Jnp140-Get140:tol58968 ID :3410332 count: 22000 time:8.3242881 




 ????：2022-02-02 16:04:58,431 
日志??：  DEBUG 
出??：MESJuniper.Base.Syn140+<>c__DisplayClass4_3.<FunctionRun>b__3  
??描述：Jnp140-Get140:tol58968 ID :3421254 count: 23000 time:7.8797653 




 ????：2022-02-02 16:05:06,443 
日志??：  DEBUG 
出??：MESJuniper.Base.Syn140+<>c__DisplayClass4_3.<FunctionRun>b__3  
??描述：Jnp140-Get140:tol58968 ID :3421521 count: 24000 time:8.0116357 




 ????：2022-02-02 16:05:14,320 
日志??：  DEBUG 
出??：MESJuniper.Base.Syn140+<>c__DisplayClass4_3.<FunctionRun>b__3  
??描述：Jnp140-Get140:tol58968 ID :3434165 count: 25000 time:7.8755629 




 ????：2022-02-02 16:05:22,609 
日志??：  DEBUG 
出??：MESJuniper.Base.Syn140+<>c__DisplayClass4_3.<FunctionRun>b__3  
??描述：Jnp140-Get140:tol58968 ID :3390493 count: 26000 time:8.2890621 




 ????：2022-02-02 16:05:30,426 
日志??：  DEBUG 
出??：MESJuniper.Base.Syn140+<>c__DisplayClass4_3.<FunctionRun>b__3  
??描述：Jnp140-Get140:tol58968 ID :3387534 count: 27000 time:7.818093 




 ????：2022-02-02 16:05:43,322 
日志??：  DEBUG 
出??：MESJuniper.Base.Syn140+<>c__DisplayClass4_3.<FunctionRun>b__3  
??描述：Jnp140-Get140:tol58968 ID :3428992 count: 28000 time:12.8962753 




 ????：2022-02-02 16:05:51,891 
日志??：  DEBUG 
出??：MESJuniper.Base.Syn140+<>c__DisplayClass4_3.<FunctionRun>b__3  
??描述：Jnp140-Get140:tol58968 ID :3424399 count: 29000 time:8.5684136 




 ????：2022-02-02 16:06:00,079 
日志??：  DEBUG 
出??：MESJuniper.Base.Syn140+<>c__DisplayClass4_3.<FunctionRun>b__3  
??描述：Jnp140-Get140:tol58968 ID :3385139 count: 30000 time:8.1888118 




 ????：2022-02-02 16:06:07,799 
日志??：  DEBUG 
出??：MESJuniper.Base.Syn140+<>c__DisplayClass4_3.<FunctionRun>b__3  
??描述：Jnp140-Get140:tol58968 ID :3416864 count: 31000 time:7.719371 




 ????：2022-02-02 16:06:15,352 
日志??：  DEBUG 
出??：MESJuniper.Base.Syn140+<>c__DisplayClass4_3.<FunctionRun>b__3  
??描述：Jnp140-Get140:tol58968 ID :3408435 count: 32000 time:7.5531619 




 ????：2022-02-02 16:06:23,160 
日志??：  DEBUG 
出??：MESJuniper.Base.Syn140+<>c__DisplayClass4_3.<FunctionRun>b__3  
??描述：Jnp140-Get140:tol58968 ID :3395611 count: 33000 time:7.8086613 




 ????：2022-02-02 16:06:34,615 
日志??：  DEBUG 
出??：MESJuniper.Base.Syn140+<>c__DisplayClass4_3.<FunctionRun>b__3  
??描述：Jnp140-Get140:tol58968 ID :3396309 count: 34000 time:11.4548341 




 ????：2022-02-02 16:06:42,159 
日志??：  DEBUG 
出??：MESJuniper.Base.Syn140+<>c__DisplayClass4_3.<FunctionRun>b__3  
??描述：Jnp140-Get140:tol58968 ID :3434992 count: 35000 time:7.5436009 




 ????：2022-02-02 16:07:50,893 
日志??：  DEBUG 
出??：MESJuniper.Base.Syn140+<>c__DisplayClass4_3.<FunctionRun>b__3  
??描述：Jnp140-Get140:tol58968 ID :3395682 count: 1000 time:8.4583067 




 ????：2022-02-02 16:07:58,658 
日志??：  DEBUG 
出??：MESJuniper.Base.Syn140+<>c__DisplayClass4_3.<FunctionRun>b__3  
??描述：Jnp140-Get140:tol58968 ID :3422275 count: 2000 time:7.7645953 




 ????：2022-02-02 16:08:06,095 
日志??：  DEBUG 
出??：MESJuniper.Base.Syn140+<>c__DisplayClass4_3.<FunctionRun>b__3  
??描述：Jnp140-Get140:tol58968 ID :3402408 count: 3000 time:7.4370313 




 ????：2022-02-02 16:08:13,619 
日志??：  DEBUG 
出??：MESJuniper.Base.Syn140+<>c__DisplayClass4_3.<FunctionRun>b__3  
??描述：Jnp140-Get140:tol58968 ID :3409053 count: 4000 time:7.5243989 




 ????：2022-02-02 16:08:21,483 
日志??：  DEBUG 
出??：MESJuniper.Base.Syn140+<>c__DisplayClass4_3.<FunctionRun>b__3  
??描述：Jnp140-Get140:tol58968 ID :3386180 count: 5000 time:7.8638724 




 ????：2022-02-02 16:08:30,829 
日志??：  DEBUG 
出??：MESJuniper.Base.Syn140+<>c__DisplayClass4_3.<FunctionRun>b__3  
??描述：Jnp140-Get140:tol58968 ID :3396349 count: 6000 time:9.3458214 




 ????：2022-02-02 16:08:39,140 
日志??：  DEBUG 
出??：MESJuniper.Base.Syn140+<>c__DisplayClass4_3.<FunctionRun>b__3  
??描述：Jnp140-Get140:tol58968 ID :3432717 count: 7000 time:8.3111412 




 ????：2022-02-02 16:08:52,394 
日志??：  DEBUG 
出??：MESJuniper.Base.Syn140+<>c__DisplayClass4_3.<FunctionRun>b__3  
??描述：Jnp140-Get140:tol58968 ID :3402725 count: 8000 time:13.2541719 




 ????：2022-02-02 16:09:00,409 
日志??：  DEBUG 
出??：MESJuniper.Base.Syn140+<>c__DisplayClass4_3.<FunctionRun>b__3  
??描述：Jnp140-Get140:tol58968 ID :3389613 count: 9000 time:8.0151407 




 ????：2022-02-02 16:09:08,192 
日志??：  DEBUG 
出??：MESJuniper.Base.Syn140+<>c__DisplayClass4_3.<FunctionRun>b__3  
??描述：Jnp140-Get140:tol58968 ID :3412674 count: 10000 time:7.7827955 




 ????：2022-02-02 16:09:16,081 
日志??：  DEBUG 
出??：MESJuniper.Base.Syn140+<>c__DisplayClass4_3.<FunctionRun>b__3  
??描述：Jnp140-Get140:tol58968 ID :3433450 count: 11000 time:7.8887908 




 ????：2022-02-02 16:09:24,135 
日志??：  DEBUG 
出??：MESJuniper.Base.Syn140+<>c__DisplayClass4_3.<FunctionRun>b__3  
??描述：Jnp140-Get140:tol58968 ID :3412763 count: 12000 time:8.0530347 




 ????：2022-02-02 16:09:32,464 
日志??：  DEBUG 
出??：MESJuniper.Base.Syn140+<>c__DisplayClass4_3.<FunctionRun>b__3  
??描述：Jnp140-Get140:tol58968 ID :3403487 count: 13000 time:8.3300703 




 ????：2022-02-02 16:09:40,317 
日志??：  DEBUG 
出??：MESJuniper.Base.Syn140+<>c__DisplayClass4_3.<FunctionRun>b__3  
??描述：Jnp140-Get140:tol58968 ID :3397607 count: 14000 time:7.85266 




 ????：2022-02-02 16:09:48,262 
日志??：  DEBUG 
出??：MESJuniper.Base.Syn140+<>c__DisplayClass4_3.<FunctionRun>b__3  
??描述：Jnp140-Get140:tol58968 ID :3422569 count: 15000 time:7.9452832 




 ????：2022-02-02 16:09:59,623 
日志??：  DEBUG 
出??：MESJuniper.Base.Syn140+<>c__DisplayClass4_3.<FunctionRun>b__3  
??描述：Jnp140-Get140:tol58968 ID :3434597 count: 16000 time:11.3610576 




 ????：2022-02-02 16:10:07,638 
日志??：  DEBUG 
出??：MESJuniper.Base.Syn140+<>c__DisplayClass4_3.<FunctionRun>b__3  
??描述：Jnp140-Get140:tol58968 ID :3434870 count: 17000 time:8.0150189 




 ????：2022-02-02 16:10:15,428 
日志??：  DEBUG 
出??：MESJuniper.Base.Syn140+<>c__DisplayClass4_3.<FunctionRun>b__3  
??描述：Jnp140-Get140:tol58968 ID :3426624 count: 18000 time:7.7898486 




 ????：2022-02-02 16:10:23,126 
日志??：  DEBUG 
出??：MESJuniper.Base.Syn140+<>c__DisplayClass4_3.<FunctionRun>b__3  
??描述：Jnp140-Get140:tol58968 ID :3435160 count: 19000 time:7.6976443 




 ????：2022-02-02 16:10:30,987 
日志??：  DEBUG 
出??：MESJuniper.Base.Syn140+<>c__DisplayClass4_3.<FunctionRun>b__3  
??描述：Jnp140-Get140:tol58968 ID :3426776 count: 20000 time:7.8610785 




 ????：2022-02-02 16:10:39,374 
日志??：  DEBUG 
出??：MESJuniper.Base.Syn140+<>c__DisplayClass4_3.<FunctionRun>b__3  
??描述：Jnp140-Get140:tol58968 ID :3393844 count: 21000 time:8.3878058 




 ????：2022-02-02 16:10:47,527 
日志??：  DEBUG 
出??：MESJuniper.Base.Syn140+<>c__DisplayClass4_3.<FunctionRun>b__3  
??描述：Jnp140-Get140:tol58968 ID :3423127 count: 22000 time:8.1527903 




 ????：2022-02-02 16:10:55,796 
日志??：  DEBUG 
出??：MESJuniper.Base.Syn140+<>c__DisplayClass4_3.<FunctionRun>b__3  
??描述：Jnp140-Get140:tol58968 ID :3419727 count: 23000 time:8.2688591 




 ????：2022-02-02 16:11:08,298 
日志??：  DEBUG 
出??：MESJuniper.Base.Syn140+<>c__DisplayClass4_3.<FunctionRun>b__3  
??描述：Jnp140-Get140:tol58968 ID :3405333 count: 24000 time:12.5017637 




 ????：2022-02-02 16:11:16,917 
日志??：  DEBUG 
出??：MESJuniper.Base.Syn140+<>c__DisplayClass4_3.<FunctionRun>b__3  
??描述：Jnp140-Get140:tol58968 ID :3394376 count: 25000 time:8.6192261 




 ????：2022-02-02 16:11:25,571 
日志??：  DEBUG 
出??：MESJuniper.Base.Syn140+<>c__DisplayClass4_3.<FunctionRun>b__3  
??描述：Jnp140-Get140:tol58968 ID :3416720 count: 26000 time:8.6527615 




 ????：2022-02-02 16:11:34,106 
日志??：  DEBUG 
出??：MESJuniper.Base.Syn140+<>c__DisplayClass4_3.<FunctionRun>b__3  
??描述：Jnp140-Get140:tol58968 ID :3394652 count: 27000 time:8.5361221 




 ????：2022-02-02 16:11:48,256 
日志??：  DEBUG 
出??：MESJuniper.Base.Syn140+<>c__DisplayClass4_3.<FunctionRun>b__3  
??描述：Jnp140-Get140:tol58968 ID :3417301 count: 28000 time:14.1494339 




 ????：2022-02-02 16:12:01,061 
日志??：  DEBUG 
出??：MESJuniper.Base.Syn140+<>c__DisplayClass4_3.<FunctionRun>b__3  
??描述：Jnp140-Get140:tol58968 ID :3417583 count: 29000 time:12.8060768 




 ????：2022-02-02 16:12:17,388 
日志??：  DEBUG 
出??：MESJuniper.Base.Syn140+<>c__DisplayClass4_3.<FunctionRun>b__3  
??描述：Jnp140-Get140:tol58968 ID :3383171 count: 30000 time:16.3260693 




 ????：2022-02-02 16:12:26,124 
日志??：  DEBUG 
出??：MESJuniper.Base.Syn140+<>c__DisplayClass4_3.<FunctionRun>b__3  
??描述：Jnp140-Get140:tol58968 ID :3395226 count: 31000 time:8.736036 




 ????：2022-02-02 16:12:33,966 
日志??：  DEBUG 
出??：MESJuniper.Base.Syn140+<>c__DisplayClass4_3.<FunctionRun>b__3  
??描述：Jnp140-Get140:tol58968 ID :3401860 count: 32000 time:7.8423114 




 ????：2022-02-02 16:12:42,172 
日志??：  DEBUG 
出??：MESJuniper.Base.Syn140+<>c__DisplayClass4_3.<FunctionRun>b__3  
??描述：Jnp140-Get140:tol58968 ID :3430074 count: 33000 time:8.2059844 




 ????：2022-02-02 16:12:50,310 
日志??：  DEBUG 
出??：MESJuniper.Base.Syn140+<>c__DisplayClass4_3.<FunctionRun>b__3  
??描述：Jnp140-Get140:tol58968 ID :3440083 count: 34000 time:8.1383865 




 ????：2022-02-02 16:12:58,957 
日志??：  DEBUG 
出??：MESJuniper.Base.Syn140+<>c__DisplayClass4_3.<FunctionRun>b__3  
??描述：Jnp140-Get140:tol58968 ID :3386975 count: 35000 time:8.646512 




 ????：2022-02-02 16:13:07,780 
日志??：  DEBUG 
出??：MESJuniper.Base.Syn140+<>c__DisplayClass4_3.<FunctionRun>b__3  
??描述：Jnp140-Get140:tol58968 ID :3413417 count: 36000 time:8.8232768 




 ????：2022-02-02 16:13:24,441 
日志??：  DEBUG 
出??：MESJuniper.Base.Syn140+<>c__DisplayClass4_3.<FunctionRun>b__3  
??描述：Jnp140-Get140:tol58968 ID :3413493 count: 37000 time:16.6604881 




 ????：2022-02-02 16:13:36,207 
日志??：  DEBUG 
出??：MESJuniper.Base.Syn140+<>c__DisplayClass4_3.<FunctionRun>b__3  
??描述：Jnp140-Get140:tol58968 ID :3413617 count: 38000 time:11.7669081 




 ????：2022-02-02 16:13:46,984 
日志??：  DEBUG 
出??：MESJuniper.Base.Syn140+<>c__DisplayClass4_3.<FunctionRun>b__3  
??描述：Jnp140-Get140:tol58968 ID :3387685 count: 39000 time:10.7766802 




 ????：2022-02-02 16:13:57,772 
日志??：  DEBUG 
出??：MESJuniper.Base.Syn140+<>c__DisplayClass4_3.<FunctionRun>b__3  
??描述：Jnp140-Get140:tol58968 ID :3420759 count: 40000 time:10.7873957 




 ????：2022-02-02 16:14:07,016 
日志??：  DEBUG 
出??：MESJuniper.Base.Syn140+<>c__DisplayClass4_3.<FunctionRun>b__3  
??描述：Jnp140-Get140:tol58968 ID :3410078 count: 41000 time:9.2440814 




 ????：2022-02-02 16:14:37,345 
日志??：  DEBUG 
出??：MESJuniper.Base.Syn140+<>c__DisplayClass4_3.<FunctionRun>b__3  
??描述：Jnp140-Get140:tol58968 ID :3430602 count: 42000 time:30.3294368 




 ????：2022-02-02 16:15:27,425 
日志??：  DEBUG 
出??：MESJuniper.Base.Syn140+<>c__DisplayClass4_3.<FunctionRun>b__3  
??描述：Jnp140-Get140:tol58968 ID :3421148 count: 43000 time:50.0796066 




 ????：2022-02-02 16:15:58,153 
日志??：  DEBUG 
出??：MESJuniper.Base.Syn140+<>c__DisplayClass4_3.<FunctionRun>b__3  
??描述：Jnp140-Get140:tol58968 ID :3414447 count: 44000 time:30.7279192 




 ????：2022-02-02 16:16:18,292 
日志??：  DEBUG 
出??：MESJuniper.Base.Syn140+<>c__DisplayClass4_3.<FunctionRun>b__3  
??描述：Jnp140-Get140:tol58968 ID :3421647 count: 45000 time:20.1394419 




 ????：2022-02-02 16:16:38,350 
日志??：  DEBUG 
出??：MESJuniper.Base.Syn140+<>c__DisplayClass4_3.<FunctionRun>b__3  
??描述：Jnp140-Get140:tol58968 ID :3430878 count: 46000 time:20.0577711 




 ????：2022-02-02 16:19:02,863 
日志??：  DEBUG 
出??：MESJuniper.Base.Syn140+<>c__DisplayClass4_3.<FunctionRun>b__3  
??描述：Jnp140-Get140:tol58968 ID :3381326 count: 1000 time:24.9362923 




 ????：2022-02-02 16:19:26,551 
日志??：  DEBUG 
出??：MESJuniper.Base.Syn140+<>c__DisplayClass4_3.<FunctionRun>b__3  
??描述：Jnp140-Get140:tol58968 ID :3422269 count: 2000 time:23.6880183 




 ????：2022-02-02 16:19:42,416 
日志??：  DEBUG 
出??：MESJuniper.Base.Syn140+<>c__DisplayClass4_3.<FunctionRun>b__3  
??描述：Jnp140-Get140:tol58968 ID :3386104 count: 3000 time:15.8647066 




 ????：2022-02-02 16:19:50,203 
日志??：  DEBUG 
出??：MESJuniper.Base.Syn140+<>c__DisplayClass4_3.<FunctionRun>b__3  
??描述：Jnp140-Get140:tol58968 ID :3419089 count: 4000 time:7.787885 




 ????：2022-02-02 16:19:57,987 
日志??：  DEBUG 
出??：MESJuniper.Base.Syn140+<>c__DisplayClass4_3.<FunctionRun>b__3  
??描述：Jnp140-Get140:tol58968 ID :3419112 count: 5000 time:7.783403 




 ????：2022-02-02 16:20:05,466 
日志??：  DEBUG 
出??：MESJuniper.Base.Syn140+<>c__DisplayClass4_3.<FunctionRun>b__3  
??描述：Jnp140-Get140:tol58968 ID :3422718 count: 6000 time:7.4787842 




 ????：2022-02-02 16:20:13,271 
日志??：  DEBUG 
出??：MESJuniper.Base.Syn140+<>c__DisplayClass4_3.<FunctionRun>b__3  
??描述：Jnp140-Get140:tol58968 ID :3389424 count: 7000 time:7.8049659 




 ????：2022-02-02 16:20:21,110 
日志??：  DEBUG 
出??：MESJuniper.Base.Syn140+<>c__DisplayClass4_3.<FunctionRun>b__3  
??描述：Jnp140-Get140:tol58968 ID :3395989 count: 8000 time:7.8399714 




 ????：2022-02-02 16:20:28,991 
日志??：  DEBUG 
出??：MESJuniper.Base.Syn140+<>c__DisplayClass4_3.<FunctionRun>b__3  
??描述：Jnp140-Get140:tol58968 ID :3432608 count: 9000 time:7.8809257 




 ????：2022-02-02 16:20:36,828 
日志??：  DEBUG 
出??：MESJuniper.Base.Syn140+<>c__DisplayClass4_3.<FunctionRun>b__3  
??描述：Jnp140-Get140:tol58968 ID :3396101 count: 10000 time:7.8362889 




 ????：2022-02-02 16:20:47,951 
日志??：  DEBUG 
出??：MESJuniper.Base.Syn140+<>c__DisplayClass4_3.<FunctionRun>b__3  
??描述：Jnp140-Get140:tol58968 ID :3399523 count: 11000 time:11.1235461 




 ????：2022-02-02 16:20:55,666 
日志??：  DEBUG 
出??：MESJuniper.Base.Syn140+<>c__DisplayClass4_3.<FunctionRun>b__3  
??描述：Jnp140-Get140:tol58968 ID :3383770 count: 12000 time:7.714593 




 ????：2022-02-02 16:21:03,304 
日志??：  DEBUG 
出??：MESJuniper.Base.Syn140+<>c__DisplayClass4_3.<FunctionRun>b__3  
??描述：Jnp140-Get140:tol58968 ID :3423144 count: 13000 time:7.6383056 




 ????：2022-02-02 16:21:10,895 
日志??：  DEBUG 
出??：MESJuniper.Base.Syn140+<>c__DisplayClass4_3.<FunctionRun>b__3  
??描述：Jnp140-Get140:tol58968 ID :3402920 count: 14000 time:7.5906177 




 ????：2022-02-02 16:21:18,547 
日志??：  DEBUG 
出??：MESJuniper.Base.Syn140+<>c__DisplayClass4_3.<FunctionRun>b__3  
??描述：Jnp140-Get140:tol58968 ID :3383974 count: 15000 time:7.6518934 




 ????：2022-02-02 16:21:26,399 
日志??：  DEBUG 
出??：MESJuniper.Base.Syn140+<>c__DisplayClass4_3.<FunctionRun>b__3  
??描述：Jnp140-Get140:tol58968 ID :3423451 count: 16000 time:7.8523862 




 ????：2022-02-02 16:21:34,150 
日志??：  DEBUG 
出??：MESJuniper.Base.Syn140+<>c__DisplayClass4_3.<FunctionRun>b__3  
??描述：Jnp140-Get140:tol58968 ID :3429587 count: 17000 time:7.7504679 




 ????：2022-02-02 16:21:42,090 
日志??：  DEBUG 
出??：MESJuniper.Base.Syn140+<>c__DisplayClass4_3.<FunctionRun>b__3  
??描述：Jnp140-Get140:tol58968 ID :3389834 count: 18000 time:7.94061 




 ????：2022-02-02 16:21:53,885 
日志??：  DEBUG 
出??：MESJuniper.Base.Syn140+<>c__DisplayClass4_3.<FunctionRun>b__3  
??描述：Jnp140-Get140:tol58968 ID :3423709 count: 19000 time:11.7949665 




 ????：2022-02-02 16:22:01,516 
日志??：  DEBUG 
出??：MESJuniper.Base.Syn140+<>c__DisplayClass4_3.<FunctionRun>b__3  
??描述：Jnp140-Get140:tol58968 ID :3429790 count: 20000 time:7.6313324 




 ????：2022-02-02 16:22:09,423 
日志??：  DEBUG 
出??：MESJuniper.Base.Syn140+<>c__DisplayClass4_3.<FunctionRun>b__3  
??描述：Jnp140-Get140:tol58968 ID :3423857 count: 21000 time:7.9064911 




 ????：2022-02-02 16:22:17,396 
日志??：  DEBUG 
出??：MESJuniper.Base.Syn140+<>c__DisplayClass4_3.<FunctionRun>b__3  
??描述：Jnp140-Get140:tol58968 ID :3396684 count: 22000 time:7.9733731 




 ????：2022-02-02 16:22:25,368 
日志??：  DEBUG 
出??：MESJuniper.Base.Syn140+<>c__DisplayClass4_3.<FunctionRun>b__3  
??描述：Jnp140-Get140:tol58968 ID :3430152 count: 23000 time:7.9703086 




 ????：2022-02-02 16:22:33,275 
日志??：  DEBUG 
出??：MESJuniper.Base.Syn140+<>c__DisplayClass4_3.<FunctionRun>b__3  
??描述：Jnp140-Get140:tol58968 ID :3433009 count: 24000 time:7.9082562 




 ????：2022-02-02 16:22:41,316 
日志??：  DEBUG 
出??：MESJuniper.Base.Syn140+<>c__DisplayClass4_3.<FunctionRun>b__3  
??描述：Jnp140-Get140:tol58968 ID :3406854 count: 25000 time:8.0408707 




 ????：2022-02-02 16:22:49,681 
日志??：  DEBUG 
出??：MESJuniper.Base.Syn140+<>c__DisplayClass4_3.<FunctionRun>b__3  
??描述：Jnp140-Get140:tol58968 ID :3430476 count: 26000 time:8.3649736 




 ????：2022-02-02 16:23:01,141 
日志??：  DEBUG 
出??：MESJuniper.Base.Syn140+<>c__DisplayClass4_3.<FunctionRun>b__3  
??描述：Jnp140-Get140:tol58968 ID :3420062 count: 27000 time:11.4598815 




 ????：2022-02-02 16:23:08,883 
日志??：  DEBUG 
出??：MESJuniper.Base.Syn140+<>c__DisplayClass4_3.<FunctionRun>b__3  
??描述：Jnp140-Get140:tol58968 ID :3430639 count: 28000 time:7.7425611 




 ????：2022-02-02 16:23:16,925 
日志??：  DEBUG 
出??：MESJuniper.Base.Syn140+<>c__DisplayClass4_3.<FunctionRun>b__3  
??描述：Jnp140-Get140:tol58968 ID :3420188 count: 29000 time:8.0415972 




 ????：2022-02-02 16:23:24,722 
日志??：  DEBUG 
出??：MESJuniper.Base.Syn140+<>c__DisplayClass4_3.<FunctionRun>b__3  
??描述：Jnp140-Get140:tol58968 ID :3433273 count: 30000 time:7.7975513 




 ????：2022-02-02 16:23:32,616 
日志??：  DEBUG 
出??：MESJuniper.Base.Syn140+<>c__DisplayClass4_3.<FunctionRun>b__3  
??描述：Jnp140-Get140:tol58968 ID :3417592 count: 31000 time:7.893799 




 ????：2022-02-02 16:23:40,461 
日志??：  DEBUG 
出??：MESJuniper.Base.Syn140+<>c__DisplayClass4_3.<FunctionRun>b__3  
??描述：Jnp140-Get140:tol58968 ID :3397377 count: 32000 time:7.8446845 




 ????：2022-02-02 16:23:52,000 
日志??：  DEBUG 
出??：MESJuniper.Base.Syn140+<>c__DisplayClass4_3.<FunctionRun>b__3  
??描述：Jnp140-Get140:tol58968 ID :3426618 count: 33000 time:11.5388066 




 ????：2022-02-02 16:24:00,102 
日志??：  DEBUG 
出??：MESJuniper.Base.Syn140+<>c__DisplayClass4_3.<FunctionRun>b__3  
??描述：Jnp140-Get140:tol58968 ID :3404272 count: 34000 time:8.1019471 




 ????：2022-02-02 16:24:07,876 
日志??：  DEBUG 
出??：MESJuniper.Base.Syn140+<>c__DisplayClass4_3.<FunctionRun>b__3  
??描述：Jnp140-Get140:tol58968 ID :3387900 count: 35000 time:7.7740493 




 ????：2022-02-02 16:24:15,702 
日志??：  DEBUG 
出??：MESJuniper.Base.Syn140+<>c__DisplayClass4_3.<FunctionRun>b__3  
??描述：Jnp140-Get140:tol58968 ID :3407532 count: 36000 time:7.8262933 




 ????：2022-02-02 16:24:23,440 
日志??：  DEBUG 
出??：MESJuniper.Base.Syn140+<>c__DisplayClass4_3.<FunctionRun>b__3  
??描述：Jnp140-Get140:tol58968 ID :3433536 count: 37000 time:7.7380729 




 ????：2022-02-02 16:24:31,402 
日志??：  DEBUG 
出??：MESJuniper.Base.Syn140+<>c__DisplayClass4_3.<FunctionRun>b__3  
??描述：Jnp140-Get140:tol58968 ID :3400223 count: 38000 time:7.9624928 




 ????：2022-02-02 16:24:39,480 
日志??：  DEBUG 
出??：MESJuniper.Base.Syn140+<>c__DisplayClass4_3.<FunctionRun>b__3  
??描述：Jnp140-Get140:tol58968 ID :3433765 count: 39000 time:8.0774392 




 ????：2022-02-02 16:24:47,606 
日志??：  DEBUG 
出??：MESJuniper.Base.Syn140+<>c__DisplayClass4_3.<FunctionRun>b__3  
??描述：Jnp140-Get140:tol58968 ID :3404718 count: 40000 time:8.1264929 




 ????：2022-02-02 16:24:58,825 
日志??：  DEBUG 
出??：MESJuniper.Base.Syn140+<>c__DisplayClass4_3.<FunctionRun>b__3  
??描述：Jnp140-Get140:tol58968 ID :3394459 count: 41000 time:11.2181929 




 ????：2022-02-02 16:25:06,662 
日志??：  DEBUG 
出??：MESJuniper.Base.Syn140+<>c__DisplayClass4_3.<FunctionRun>b__3  
??描述：Jnp140-Get140:tol58968 ID :3398388 count: 42000 time:7.8376565 




 ????：2022-02-02 16:25:14,379 
日志??：  DEBUG 
出??：MESJuniper.Base.Syn140+<>c__DisplayClass4_3.<FunctionRun>b__3  
??描述：Jnp140-Get140:tol58968 ID :3405145 count: 43000 time:7.7166918 




 ????：2022-02-02 16:25:21,962 
日志??：  DEBUG 
出??：MESJuniper.Base.Syn140+<>c__DisplayClass4_3.<FunctionRun>b__3  
??描述：Jnp140-Get140:tol58968 ID :3410732 count: 44000 time:7.5832014 




 ????：2022-02-02 16:25:29,694 
日志??：  DEBUG 
出??：MESJuniper.Base.Syn140+<>c__DisplayClass4_3.<FunctionRun>b__3  
??描述：Jnp140-Get140:tol58968 ID :3415500 count: 45000 time:7.732315 




 ????：2022-02-02 16:25:37,550 
日志??：  DEBUG 
出??：MESJuniper.Base.Syn140+<>c__DisplayClass4_3.<FunctionRun>b__3  
??描述：Jnp140-Get140:tol58968 ID :3400327 count: 46000 time:7.8554763 




 ????：2022-02-02 16:25:45,551 
日志??：  DEBUG 
出??：MESJuniper.Base.Syn140+<>c__DisplayClass4_3.<FunctionRun>b__3  
??描述：Jnp140-Get140:tol58968 ID :3394767 count: 47000 time:8.0014203 




 ????：2022-02-02 16:25:53,595 
日志??：  DEBUG 
出??：MESJuniper.Base.Syn140+<>c__DisplayClass4_3.<FunctionRun>b__3  
??描述：Jnp140-Get140:tol58968 ID :3392036 count: 48000 time:8.0441538 




 ????：2022-02-02 16:26:06,068 
日志??：  DEBUG 
出??：MESJuniper.Base.Syn140+<>c__DisplayClass4_3.<FunctionRun>b__3  
??描述：Jnp140-Get140:tol58968 ID :3434418 count: 49000 time:12.4728766 




 ????：2022-02-02 16:26:14,264 
日志??：  DEBUG 
出??：MESJuniper.Base.Syn140+<>c__DisplayClass4_3.<FunctionRun>b__3  
??描述：Jnp140-Get140:tol58968 ID :3395112 count: 50000 time:8.1951726 




 ????：2022-02-02 16:26:22,086 
日志??：  DEBUG 
出??：MESJuniper.Base.Syn140+<>c__DisplayClass4_3.<FunctionRun>b__3  
??描述：Jnp140-Get140:tol58968 ID :3437911 count: 51000 time:7.8222988 




 ????：2022-02-02 16:26:30,365 
日志??：  DEBUG 
出??：MESJuniper.Base.Syn140+<>c__DisplayClass4_3.<FunctionRun>b__3  
??描述：Jnp140-Get140:tol58968 ID :3400782 count: 52000 time:8.2781827 




 ????：2022-02-02 16:26:38,274 
日志??：  DEBUG 
出??：MESJuniper.Base.Syn140+<>c__DisplayClass4_3.<FunctionRun>b__3  
??描述：Jnp140-Get140:tol58968 ID :3437990 count: 53000 time:7.9099643 




 ????：2022-02-02 16:26:46,000 
日志??：  DEBUG 
出??：MESJuniper.Base.Syn140+<>c__DisplayClass4_3.<FunctionRun>b__3  
??描述：Jnp140-Get140:tol58968 ID :3412224 count: 54000 time:7.7264548 




 ????：2022-02-02 16:26:53,795 
日志??：  DEBUG 
出??：MESJuniper.Base.Syn140+<>c__DisplayClass4_3.<FunctionRun>b__3  
??描述：Jnp140-Get140:tol58968 ID :3422164 count: 55000 time:7.7943594 




 ????：2022-02-02 16:27:01,660 
日志??：  DEBUG 
出??：MESJuniper.Base.Syn140+<>c__DisplayClass4_3.<FunctionRun>b__3  
??描述：Jnp140-Get140:tol58968 ID :3438791 count: 56000 time:7.8651352 




 ????：2022-02-02 16:27:13,830 
日志??：  DEBUG 
出??：MESJuniper.Base.Syn140+<>c__DisplayClass4_3.<FunctionRun>b__3  
??描述：Jnp140-Get140:tol58968 ID :3435076 count: 57000 time:12.1697401 




 ????：2022-02-02 16:27:21,348 
日志??：  DEBUG 
出??：MESJuniper.Base.Syn140+<>c__DisplayClass4_3.<FunctionRun>b__3  
??描述：Jnp140-Get140:tol58968 ID :3435476 count: 58000 time:7.5181441 




 ????：2022-02-02 16:27:28,671 
日志??：  DEBUG 
出??：MESJuniper.Base.Syn140+<>c__DisplayClass4_3.<FunctionRun>b__3  
??描述：Jnp140-Insert Start:20220202162728 




 ????：2022-02-02 16:28:59,180 
日志??：  DEBUG 
出??：MESJuniper.Base.Syn140+<>c__DisplayClass4_3.<FunctionRun>b__3  
??描述：Jnp140-Insert End:20220202162859 




 ????：2022-02-02 16:47:56,833 
日志??：  DEBUG 
出??：MESJuniper.Base.Syn140+<>c__DisplayClass4_3.<FunctionRun>b__3  
??描述：Jnp140-Insert Start:20220202164756 




 ????：2022-02-02 16:47:56,833 
日志??：  DEBUG 
出??：MESJuniper.Base.Syn140+<>c__DisplayClass4_3.<FunctionRun>b__3  
??描述：Jnp140-Insert End:20220202164756 




 ????：2022-02-02 16:53:32,888 
日志??：  DEBUG 
出??：MESJuniper.Base.Syn140+<>c__DisplayClass4_3.<FunctionRun>b__3  
??描述：Jnp140-Get140:tol52520 ID :3440324 count: 1000 time:8.3032484 




 ????：2022-02-02 16:53:40,786 
日志??：  DEBUG 
出??：MESJuniper.Base.Syn140+<>c__DisplayClass4_3.<FunctionRun>b__3  
??描述：Jnp140-Get140:tol52520 ID :3478627 count: 2000 time:7.8989386 




 ????：2022-02-02 16:53:48,402 
日志??：  DEBUG 
出??：MESJuniper.Base.Syn140+<>c__DisplayClass4_3.<FunctionRun>b__3  
??描述：Jnp140-Get140:tol52520 ID :3468883 count: 3000 time:7.6165705 




 ????：2022-02-02 16:53:56,019 
日志??：  DEBUG 
出??：MESJuniper.Base.Syn140+<>c__DisplayClass4_3.<FunctionRun>b__3  
??描述：Jnp140-Get140:tol52520 ID :3482268 count: 4000 time:7.6162008 




 ????：2022-02-02 16:54:03,576 
日志??：  DEBUG 
出??：MESJuniper.Base.Syn140+<>c__DisplayClass4_3.<FunctionRun>b__3  
??描述：Jnp140-Get140:tol52520 ID :3482535 count: 5000 time:7.5576548 




 ????：2022-02-02 16:54:11,255 
日志??：  DEBUG 
出??：MESJuniper.Base.Syn140+<>c__DisplayClass4_3.<FunctionRun>b__3  
??描述：Jnp140-Get140:tol52520 ID :3485575 count: 6000 time:7.6788632 




 ????：2022-02-02 16:54:18,950 
日志??：  DEBUG 
出??：MESJuniper.Base.Syn140+<>c__DisplayClass4_3.<FunctionRun>b__3  
??描述：Jnp140-Get140:tol52520 ID :3469350 count: 7000 time:7.6950859 




 ????：2022-02-02 16:54:30,909 
日志??：  DEBUG 
出??：MESJuniper.Base.Syn140+<>c__DisplayClass4_3.<FunctionRun>b__3  
??描述：Jnp140-Get140:tol52520 ID :3446563 count: 8000 time:11.9583354 




 ????：2022-02-02 16:54:38,403 
日志??：  DEBUG 
出??：MESJuniper.Base.Syn140+<>c__DisplayClass4_3.<FunctionRun>b__3  
??描述：Jnp140-Get140:tol52520 ID :3482799 count: 9000 time:7.4947527 




 ????：2022-02-02 16:54:46,411 
日志??：  DEBUG 
出??：MESJuniper.Base.Syn140+<>c__DisplayClass4_3.<FunctionRun>b__3  
??描述：Jnp140-Get140:tol52520 ID :3441234 count: 10000 time:8.0075342 




 ????：2022-02-02 16:54:54,130 
日志??：  DEBUG 
出??：MESJuniper.Base.Syn140+<>c__DisplayClass4_3.<FunctionRun>b__3  
??描述：Jnp140-Get140:tol52520 ID :3470041 count: 11000 time:7.7186984 




 ????：2022-02-02 16:55:01,602 
日志??：  DEBUG 
出??：MESJuniper.Base.Syn140+<>c__DisplayClass4_3.<FunctionRun>b__3  
??描述：Jnp140-Get140:tol52520 ID :3446912 count: 12000 time:7.4727275 




 ????：2022-02-02 16:55:09,706 
日志??：  DEBUG 
出??：MESJuniper.Base.Syn140+<>c__DisplayClass4_3.<FunctionRun>b__3  
??描述：Jnp140-Get140:tol52520 ID :3456058 count: 13000 time:8.1040721 




 ????：2022-02-02 16:55:17,475 
日志??：  DEBUG 
出??：MESJuniper.Base.Syn140+<>c__DisplayClass4_3.<FunctionRun>b__3  
??描述：Jnp140-Get140:tol52520 ID :3483800 count: 14000 time:7.7686159 




 ????：2022-02-02 16:55:25,301 
日志??：  DEBUG 
出??：MESJuniper.Base.Syn140+<>c__DisplayClass4_3.<FunctionRun>b__3  
??描述：Jnp140-Get140:tol52520 ID :3489003 count: 15000 time:7.8252938 




 ????：2022-02-02 16:55:36,786 
日志??：  DEBUG 
出??：MESJuniper.Base.Syn140+<>c__DisplayClass4_3.<FunctionRun>b__3  
??描述：Jnp140-Get140:tol52520 ID :3492473 count: 16000 time:11.4858929 




 ????：2022-02-02 16:55:44,444 
日志??：  DEBUG 
出??：MESJuniper.Base.Syn140+<>c__DisplayClass4_3.<FunctionRun>b__3  
??描述：Jnp140-Get140:tol52520 ID :3447503 count: 17000 time:7.6578947 




 ????：2022-02-02 16:55:52,448 
日志??：  DEBUG 
出??：MESJuniper.Base.Syn140+<>c__DisplayClass4_3.<FunctionRun>b__3  
??描述：Jnp140-Get140:tol52520 ID :3475707 count: 18000 time:8.0028563 




 ????：2022-02-02 16:55:59,921 
日志??：  DEBUG 
出??：MESJuniper.Base.Syn140+<>c__DisplayClass4_3.<FunctionRun>b__3  
??描述：Jnp140-Get140:tol52520 ID :3470937 count: 19000 time:7.4741508 




 ????：2022-02-02 16:56:07,689 
日志??：  DEBUG 
出??：MESJuniper.Base.Syn140+<>c__DisplayClass4_3.<FunctionRun>b__3  
??描述：Jnp140-Get140:tol52520 ID :3473336 count: 20000 time:7.7675029 




 ????：2022-02-02 16:56:15,782 
日志??：  DEBUG 
出??：MESJuniper.Base.Syn140+<>c__DisplayClass4_3.<FunctionRun>b__3  
??描述：Jnp140-Get140:tol52520 ID :3471229 count: 21000 time:8.0933286 




 ????：2022-02-02 16:56:23,839 
日志??：  DEBUG 
出??：MESJuniper.Base.Syn140+<>c__DisplayClass4_3.<FunctionRun>b__3  
??描述：Jnp140-Get140:tol52520 ID :3459713 count: 22000 time:8.0570203 




 ????：2022-02-02 16:56:31,589 
日志??：  DEBUG 
出??：MESJuniper.Base.Syn140+<>c__DisplayClass4_3.<FunctionRun>b__3  
??描述：Jnp140-Get140:tol52520 ID :3471512 count: 23000 time:7.7506113 




 ????：2022-02-02 16:56:43,784 
日志??：  DEBUG 
出??：MESJuniper.Base.Syn140+<>c__DisplayClass4_3.<FunctionRun>b__3  
??描述：Jnp140-Get140:tol52520 ID :3448432 count: 24000 time:12.1932699 




 ????：2022-02-02 16:56:51,686 
日志??：  DEBUG 
出??：MESJuniper.Base.Syn140+<>c__DisplayClass4_3.<FunctionRun>b__3  
??描述：Jnp140-Get140:tol52520 ID :3449741 count: 25000 time:7.9035787 




 ????：2022-02-02 16:56:59,255 
日志??：  DEBUG 
出??：MESJuniper.Base.Syn140+<>c__DisplayClass4_3.<FunctionRun>b__3  
??描述：Jnp140-Get140:tol52520 ID :3453228 count: 26000 time:7.5688741 




 ????：2022-02-02 16:57:07,237 
日志??：  DEBUG 
出??：MESJuniper.Base.Syn140+<>c__DisplayClass4_3.<FunctionRun>b__3  
??描述：Jnp140-Get140:tol52520 ID :3448744 count: 27000 time:7.9816437 




 ????：2022-02-02 16:57:15,968 
日志??：  DEBUG 
出??：MESJuniper.Base.Syn140+<>c__DisplayClass4_3.<FunctionRun>b__3  
??描述：Jnp140-Get140:tol52520 ID :3460201 count: 28000 time:8.7307514 




 ????：2022-02-02 16:57:24,079 
日志??：  DEBUG 
出??：MESJuniper.Base.Syn140+<>c__DisplayClass4_3.<FunctionRun>b__3  
??描述：Jnp140-Get140:tol52520 ID :3479807 count: 29000 time:8.1100794 




 ????：2022-02-02 16:57:32,061 
日志??：  DEBUG 
出??：MESJuniper.Base.Syn140+<>c__DisplayClass4_3.<FunctionRun>b__3  
??描述：Jnp140-Get140:tol52520 ID :3445243 count: 30000 time:7.983708 




 ????：2022-02-02 16:57:40,607 
日志??：  DEBUG 
出??：MESJuniper.Base.Syn140+<>c__DisplayClass4_3.<FunctionRun>b__3  
??描述：Jnp140-Get140:tol52520 ID :3449922 count: 31000 time:8.5459374 




 ????：2022-02-02 16:57:52,228 
日志??：  DEBUG 
出??：MESJuniper.Base.Syn140+<>c__DisplayClass4_3.<FunctionRun>b__3  
??描述：Jnp140-Get140:tol52520 ID :3480071 count: 32000 time:11.6204362 




 ????：2022-02-02 16:57:59,931 
日志??：  DEBUG 
出??：MESJuniper.Base.Syn140+<>c__DisplayClass4_3.<FunctionRun>b__3  
??描述：Jnp140-Get140:tol52520 ID :3463780 count: 33000 time:7.7035536 




 ????：2022-02-02 16:58:07,563 
日志??：  DEBUG 
出??：MESJuniper.Base.Syn140+<>c__DisplayClass4_3.<FunctionRun>b__3  
??描述：Jnp140-Get140:tol52520 ID :3450262 count: 34000 time:7.6314702 




 ????：2022-02-02 16:58:15,307 
日志??：  DEBUG 
出??：MESJuniper.Base.Syn140+<>c__DisplayClass4_3.<FunctionRun>b__3  
??描述：Jnp140-Get140:tol52520 ID :3476522 count: 35000 time:7.7439126 




 ????：2022-02-02 16:58:22,866 
日志??：  DEBUG 
出??：MESJuniper.Base.Syn140+<>c__DisplayClass4_3.<FunctionRun>b__3  
??描述：Jnp140-Get140:tol52520 ID :3454028 count: 36000 time:7.5589866 




 ????：2022-02-02 16:58:30,538 
日志??：  DEBUG 
出??：MESJuniper.Base.Syn140+<>c__DisplayClass4_3.<FunctionRun>b__3  
??描述：Jnp140-Get140:tol52520 ID :3487293 count: 37000 time:7.6722257 




 ????：2022-02-02 16:58:38,249 
日志??：  DEBUG 
出??：MESJuniper.Base.Syn140+<>c__DisplayClass4_3.<FunctionRun>b__3  
??描述：Jnp140-Get140:tol52520 ID :3476914 count: 38000 time:7.7108459 




 ????：2022-02-02 16:58:46,039 
日志??：  DEBUG 
出??：MESJuniper.Base.Syn140+<>c__DisplayClass4_3.<FunctionRun>b__3  
??描述：Jnp140-Get140:tol52520 ID :3490408 count: 39000 time:7.7902191 




 ????：2022-02-02 16:58:53,723 
日志??：  DEBUG 
出??：MESJuniper.Base.Syn140+<>c__DisplayClass4_3.<FunctionRun>b__3  
??描述：Jnp140-Get140:tol52520 ID :3477178 count: 40000 time:7.6843532 




 ????：2022-02-02 16:59:04,426 
日志??：  DEBUG 
出??：MESJuniper.Base.Syn140+<>c__DisplayClass4_3.<FunctionRun>b__3  
??描述：Jnp140-Get140:tol52520 ID :3461512 count: 41000 time:10.7030196 




 ????：2022-02-02 16:59:11,861 
日志??：  DEBUG 
出??：MESJuniper.Base.Syn140+<>c__DisplayClass4_3.<FunctionRun>b__3  
??描述：Jnp140-Get140:tol52520 ID :3490711 count: 42000 time:7.4344742 




 ????：2022-02-02 16:59:19,421 
日志??：  DEBUG 
出??：MESJuniper.Base.Syn140+<>c__DisplayClass4_3.<FunctionRun>b__3  
??描述：Jnp140-Get140:tol52520 ID :3451187 count: 43000 time:7.5598812 




 ????：2022-02-02 16:59:27,407 
日志??：  DEBUG 
出??：MESJuniper.Base.Syn140+<>c__DisplayClass4_3.<FunctionRun>b__3  
??描述：Jnp140-Get140:tol52520 ID :3487864 count: 44000 time:7.9860657 




 ????：2022-02-02 16:59:35,263 
日志??：  DEBUG 
出??：MESJuniper.Base.Syn140+<>c__DisplayClass4_3.<FunctionRun>b__3  
??描述：Jnp140-Get140:tol52520 ID :3477748 count: 45000 time:7.856149 




 ????：2022-02-02 16:59:43,022 
日志??：  DEBUG 
出??：MESJuniper.Base.Syn140+<>c__DisplayClass4_3.<FunctionRun>b__3  
??描述：Jnp140-Get140:tol52520 ID :3477935 count: 46000 time:7.7588466 




 ????：2022-02-02 16:59:50,812 
日志??：  DEBUG 
出??：MESJuniper.Base.Syn140+<>c__DisplayClass4_3.<FunctionRun>b__3  
??描述：Jnp140-Get140:tol52520 ID :3451613 count: 47000 time:7.7900496 




 ????：2022-02-02 16:59:58,578 
日志??：  DEBUG 
出??：MESJuniper.Base.Syn140+<>c__DisplayClass4_3.<FunctionRun>b__3  
??描述：Jnp140-Get140:tol52520 ID :3488582 count: 48000 time:7.7649653 




 ????：2022-02-02 17:00:10,426 
日志??：  DEBUG 
出??：MESJuniper.Base.Syn140+<>c__DisplayClass4_3.<FunctionRun>b__3  
??描述：Jnp140-Get140:tol52520 ID :3478527 count: 49000 time:11.8480933 




 ????：2022-02-02 17:00:18,834 
日志??：  DEBUG 
出??：MESJuniper.Base.Syn140+<>c__DisplayClass4_3.<FunctionRun>b__3  
??描述：Jnp140-Get140:tol52520 ID :3466168 count: 50000 time:8.4090634 




 ????：2022-02-02 17:00:26,767 
日志??：  DEBUG 
出??：MESJuniper.Base.Syn140+<>c__DisplayClass4_3.<FunctionRun>b__3  
??描述：Jnp140-Get140:tol52520 ID :3467168 count: 51000 time:7.9334082 




 ????：2022-02-02 17:00:34,542 
日志??：  DEBUG 
出??：MESJuniper.Base.Syn140+<>c__DisplayClass4_3.<FunctionRun>b__3  
??描述：Jnp140-Get140:tol52520 ID :3468168 count: 52000 time:7.7741886 




 ????：2022-02-02 17:00:38,631 
日志??：  DEBUG 
出??：MESJuniper.Base.Syn140+<>c__DisplayClass4_3.<FunctionRun>b__3  
??描述：Jnp140-Insert Start:20220202170038 




 ????：2022-02-02 17:01:52,164 
日志??：  DEBUG 
出??：MESJuniper.Base.Syn140+<>c__DisplayClass4_3.<FunctionRun>b__3  
??描述：Jnp140-Insert End:20220202170152 

