


 RecordTime£º2021-06-18 14:15:40,780 
Type£º  INFO  
Class£ºMESInterface.DCN.JuniperB2BSyn.Start  
MSG£ºStart 




 RecordTime£º2021-06-18 14:15:42,209 
Type£º  INFO  
Class£ºMESInterface.DCN.JuniperB2BSyn.Start  
MSG£ºEnd 




 RecordTime£º2021-06-18 14:19:48,198 
Type£º  INFO  
Class£ºMESInterface.DCN.JuniperB2BSyn.Start  
MSG£ºStart 




 RecordTime£º2021-06-18 14:19:59,381 
Type£º  INFO  
Class£ºMESInterface.DCN.JuniperB2BSyn.Start  
MSG£ºEnd 




 RecordTime£º2021-06-18 14:20:09,114 
Type£º  INFO  
Class£ºMESInterface.DCN.JuniperB2BSyn.Start  
MSG£ºStart 




 RecordTime£º2021-06-18 14:21:17,641 
Type£º  INFO  
Class£ºMESInterface.DCN.JuniperB2BSyn.Start  
MSG£ºEnd 




 RecordTime£º2021-06-18 14:49:36,024 
Type£º  INFO  
Class£ºMESInterface.DCN.JuniperB2BSyn.Start  
MSG£ºStart 




 RecordTime£º2021-06-18 14:49:51,396 
Type£º  INFO  
Class£ºMESInterface.DCN.JuniperB2BSyn.Start  
MSG£ºEnd 




 RecordTime£º2021-06-18 14:49:54,669 
Type£º  INFO  
Class£ºMESInterface.DCN.JuniperB2BSyn.Start  
MSG£ºStart 




 RecordTime£º2021-06-18 16:12:22,368 
Type£º  INFO  
Class£ºMESInterface.DCN.JuniperB2BSyn.Start  
MSG£ºStart 




 RecordTime£º2021-06-18 16:17:01,173 
Type£º  INFO  
Class£ºMESInterface.DCN.JuniperB2BSyn.Start  
MSG£ºStart 




 RecordTime£º2021-06-18 16:17:08,066 
Type£º  INFO  
Class£ºMESInterface.DCN.JuniperB2BSyn.Start  
MSG£ºEnd 




 RecordTime£º2021-06-18 16:17:11,189 
Type£º  INFO  
Class£ºMESInterface.DCN.JuniperB2BSyn.Start  
MSG£ºStart 




 RecordTime£º2021-06-18 16:18:20,661 
Type£º  INFO  
Class£ºMESInterface.DCN.JuniperB2BSyn.Start  
MSG£ºEnd 




 RecordTime£º2021-06-18 16:19:27,656 
Type£º  INFO  
Class£ºMESInterface.DCN.JuniperB2BSyn.Start  
MSG£ºStart 




 RecordTime£º2021-06-18 16:20:46,550 
Type£º  INFO  
Class£ºMESInterface.DCN.JuniperB2BSyn.Start  
MSG£ºEnd 




 RecordTime£º2021-06-18 18:15:10,422 
Type£º  INFO  
Class£ºMESInterface.DCN.JuniperB2BSyn.Start  
MSG£ºStart 




 RecordTime£º2021-06-18 18:15:20,221 
Type£º  INFO  
Class£ºMESInterface.DCN.JuniperB2BSyn.Start  
MSG£ºEnd 




 RecordTime£º2021-06-18 18:15:23,693 
Type£º  INFO  
Class£ºMESInterface.DCN.JuniperB2BSyn.Start  
MSG£ºStart 

