


 RecordTime£º2021-06-14 11:32:19,253 
Type£º  INFO  
Class£ºMESInterface.DCN.JuniperB2BSyn.Start  
MSG£ºStart 




 RecordTime£º2021-06-14 11:33:28,329 
Type£º  INFO  
Class£ºMESInterface.DCN.JuniperB2BSyn.Start  
MSG£ºEnd 




 RecordTime£º2021-06-14 11:38:37,334 
Type£º  INFO  
Class£ºMESInterface.DCN.JuniperB2BSyn.Start  
MSG£ºStart 




 RecordTime£º2021-06-14 11:41:57,641 
Type£º  INFO  
Class£ºMESInterface.DCN.JuniperB2BSyn.Start  
MSG£ºStart 




 RecordTime£º2021-06-14 11:42:00,510 
Type£º  INFO  
Class£ºMESInterface.DCN.JuniperB2BSyn.Start  
MSG£ºEnd 




 RecordTime£º2021-06-14 11:42:07,136 
Type£º  INFO  
Class£ºMESInterface.DCN.JuniperB2BSyn.Start  
MSG£ºStart 




 RecordTime£º2021-06-14 11:42:07,662 
Type£º  INFO  
Class£ºMESInterface.DCN.JuniperB2BSyn.Start  
MSG£ºEnd 




 RecordTime£º2021-06-14 11:44:50,811 
Type£º  INFO  
Class£ºMESInterface.DCN.JuniperB2BSyn.Start  
MSG£ºStart 




 RecordTime£º2021-06-14 11:49:10,437 
Type£º  INFO  
Class£ºMESInterface.DCN.JuniperB2BSyn.Start  
MSG£ºEnd 




 RecordTime£º2021-06-14 11:49:13,656 
Type£º  INFO  
Class£ºMESInterface.DCN.JuniperB2BSyn.Start  
MSG£ºStart 




 RecordTime£º2021-06-14 11:52:01,511 
Type£º  INFO  
Class£ºMESInterface.DCN.JuniperB2BSyn.Start  
MSG£ºStart 




 RecordTime£º2021-06-14 11:52:03,071 
Type£º  INFO  
Class£ºMESInterface.DCN.JuniperB2BSyn.Start  
MSG£ºEnd 




 RecordTime£º2021-06-14 11:52:17,732 
Type£º  INFO  
Class£ºMESInterface.DCN.JuniperB2BSyn.Start  
MSG£ºStart 




 RecordTime£º2021-06-14 11:55:30,872 
Type£º  INFO  
Class£ºMESInterface.DCN.JuniperB2BSyn.Start  
MSG£ºEnd 




 RecordTime£º2021-06-14 11:55:38,751 
Type£º  INFO  
Class£ºMESInterface.DCN.JuniperB2BSyn.Start  
MSG£ºStart 




 RecordTime£º2021-06-14 11:56:41,961 
Type£º  INFO  
Class£ºMESInterface.DCN.JuniperB2BSyn.Start  
MSG£ºEnd 




 RecordTime£º2021-06-14 11:57:39,476 
Type£º  INFO  
Class£ºMESInterface.DCN.JuniperB2BSyn.Start  
MSG£ºStart 




 RecordTime£º2021-06-14 11:58:38,175 
Type£º  INFO  
Class£ºMESInterface.DCN.JuniperB2BSyn.Start  
MSG£ºEnd 

