


 RecordTime¡G2022-02-18 11:32:53,274 
Type¡G  INFO  
Class¡GMESInterface.DCN.JuniperB2BSyn.Start  
MSG¡GStart 




 RecordTime¡G2022-02-18 11:37:49,380 
Type¡G  INFO  
Class¡GMESInterface.DCN.JuniperB2BSyn.Start  
MSG¡GEnd 




 RecordTime¡G2022-02-18 11:38:27,797 
Type¡G  INFO  
Class¡GMESInterface.DCN.JuniperB2BSyn.Start  
MSG¡GStart 




 RecordTime¡G2022-02-18 11:39:47,504 
Type¡G  INFO  
Class¡GMESInterface.DCN.JuniperB2BSyn.Start  
MSG¡GEnd 




 RecordTime¡G2022-02-18 11:40:00,764 
Type¡G  INFO  
Class¡GMESInterface.DCN.JuniperB2BSyn.Start  
MSG¡GStart 




 RecordTime¡G2022-02-18 11:40:48,832 
Type¡G  INFO  
Class¡GMESInterface.DCN.JuniperB2BSyn.Start  
MSG¡GEnd 




 RecordTime¡G2022-02-18 11:41:20,795 
Type¡G  INFO  
Class¡GMESInterface.DCN.JuniperB2BSyn.Start  
MSG¡GStart 




 RecordTime¡G2022-02-18 11:44:36,238 
Type¡G  INFO  
Class¡GMESInterface.DCN.JuniperB2BSyn.Start  
MSG¡GEnd 




 RecordTime¡G2022-02-18 11:44:40,541 
Type¡G  INFO  
Class¡GMESInterface.DCN.JuniperB2BSyn.Start  
MSG¡GStart 




 RecordTime¡G2022-02-18 11:48:36,518 
Type¡G  INFO  
Class¡GMESInterface.DCN.JuniperB2BSyn.Start  
MSG¡GEnd 




 RecordTime¡G2022-02-18 11:48:48,569 
Type¡G  INFO  
Class¡GMESInterface.DCN.JuniperB2BSyn.Start  
MSG¡GStart 




 RecordTime¡G2022-02-18 11:51:07,769 
Type¡G  INFO  
Class¡GMESInterface.DCN.JuniperB2BSyn.Start  
MSG¡GEnd 




 RecordTime¡G2022-02-18 11:53:05,825 
Type¡G  INFO  
Class¡GMESInterface.DCN.JuniperB2BSyn.Start  
MSG¡GStart 




 RecordTime¡G2022-02-18 11:53:13,712 
Type¡G  INFO  
Class¡GMESInterface.DCN.JuniperB2BSyn.Start  
MSG¡GEnd 




 RecordTime¡G2022-02-18 11:56:13,793 
Type¡G  INFO  
Class¡GMESInterface.DCN.JuniperB2BSyn.Start  
MSG¡GStart 




 RecordTime¡G2022-02-18 11:56:40,293 
Type¡G  INFO  
Class¡GMESInterface.DCN.JuniperB2BSyn.Start  
MSG¡GEnd 




 RecordTime¡G2022-02-18 12:15:54,866 
Type¡G  INFO  
Class¡GMESInterface.DCN.JuniperB2BSyn.Start  
MSG¡GStart 




 RecordTime¡G2022-02-18 12:21:19,241 
Type¡G  INFO  
Class¡GMESInterface.DCN.JuniperB2BSyn.Start  
MSG¡GEnd 




 RecordTime¡G2022-02-18 12:22:39,374 
Type¡G  INFO  
Class¡GMESInterface.DCN.JuniperB2BSyn.Start  
MSG¡GStart 




 RecordTime¡G2022-02-18 12:32:19,334 
Type¡G  INFO  
Class¡GMESInterface.DCN.JuniperB2BSyn.Start  
MSG¡GEnd 




 RecordTime¡G2022-02-18 12:43:09,696 
Type¡G  INFO  
Class¡GMESInterface.DCN.JuniperB2BSyn.Start  
MSG¡GStart 




 RecordTime¡G2022-02-18 12:51:27,909 
Type¡G  INFO  
Class¡GMESInterface.DCN.JuniperB2BSyn.Start  
MSG¡GEnd 




 RecordTime¡G2022-02-18 14:00:03,566 
Type¡G  INFO  
Class¡GMESInterface.DCN.JuniperB2BSyn.Start  
MSG¡GStart 




 RecordTime¡G2022-02-18 17:34:26,781 
Type¡G  INFO  
Class¡GMESInterface.DCN.JuniperB2BSyn.Start  
MSG¡GStart 




 RecordTime¡G2022-02-18 17:49:10,311 
Type¡G  INFO  
Class¡GMESInterface.DCN.JuniperB2BSyn.Start  
MSG¡GEnd 




 RecordTime¡G2022-02-18 17:51:54,017 
Type¡G  INFO  
Class¡GMESInterface.DCN.JuniperB2BSyn.Start  
MSG¡GStart 




 RecordTime¡G2022-02-18 17:56:41,779 
Type¡G  INFO  
Class¡GMESInterface.DCN.JuniperB2BSyn.Start  
MSG¡GStart 




 RecordTime¡G2022-02-18 17:57:46,836 
Type¡G  INFO  
Class¡GMESInterface.DCN.JuniperB2BSyn.Start  
MSG¡GEnd 




 RecordTime¡G2022-02-18 18:00:46,987 
Type¡G  INFO  
Class¡GMESInterface.DCN.JuniperB2BSyn.Start  
MSG¡GStart 




 RecordTime¡G2022-02-18 18:00:56,815 
Type¡G  INFO  
Class¡GMESInterface.DCN.JuniperB2BSyn.Start  
MSG¡GEnd 




 RecordTime¡G2022-02-18 18:03:56,951 
Type¡G  INFO  
Class¡GMESInterface.DCN.JuniperB2BSyn.Start  
MSG¡GStart 




 RecordTime¡G2022-02-18 18:04:09,261 
Type¡G  INFO  
Class¡GMESInterface.DCN.JuniperB2BSyn.Start  
MSG¡GEnd 

