


 RecordTime¡G2022-02-11 17:46:33,342 
Type¡G  INFO  
Class¡GMESInterface.DCN.JuniperB2BSyn.Start  
MSG¡GStart 




 RecordTime¡G2022-02-11 17:48:34,202 
Type¡G  INFO  
Class¡GMESInterface.DCN.JuniperB2BSyn.Start  
MSG¡GStart 




 RecordTime¡G2022-02-11 17:48:42,771 
Type¡G  INFO  
Class¡GMESInterface.DCN.JuniperB2BSyn.Start  
MSG¡GEnd 




 RecordTime¡G2022-02-11 17:49:17,601 
Type¡G  INFO  
Class¡GMESInterface.DCN.JuniperB2BSyn.Start  
MSG¡GStart 




 RecordTime¡G2022-02-11 17:50:10,273 
Type¡G  INFO  
Class¡GMESInterface.DCN.JuniperB2BSyn.Start  
MSG¡GEnd 

