


 RecordTime¡G2022-01-04 09:36:00,694 
Type¡G  INFO  
Class¡GMESInterface.DCN.JuniperB2BSyn.Start  
MSG¡GStart 




 RecordTime¡G2022-01-04 09:37:57,949 
Type¡G  INFO  
Class¡GMESInterface.DCN.JuniperB2BSyn.Start  
MSG¡GEnd 




 RecordTime¡G2022-01-04 09:38:26,660 
Type¡G  INFO  
Class¡GMESInterface.DCN.JuniperB2BSyn.Start  
MSG¡GStart 




 RecordTime¡G2022-01-04 09:40:21,625 
Type¡G  INFO  
Class¡GMESInterface.DCN.JuniperB2BSyn.Start  
MSG¡GEnd 




 RecordTime¡G2022-01-04 09:40:26,119 
Type¡G  INFO  
Class¡GMESInterface.DCN.JuniperB2BSyn.Start  
MSG¡GStart 




 RecordTime¡G2022-01-04 09:46:23,329 
Type¡G  INFO  
Class¡GMESInterface.DCN.JuniperB2BSyn.Start  
MSG¡GEnd 




 RecordTime¡G2022-01-04 09:49:23,428 
Type¡G  INFO  
Class¡GMESInterface.DCN.JuniperB2BSyn.Start  
MSG¡GStart 




 RecordTime¡G2022-01-04 09:54:25,533 
Type¡G  INFO  
Class¡GMESInterface.DCN.JuniperB2BSyn.Start  
MSG¡GEnd 




 RecordTime¡G2022-01-04 09:56:29,540 
Type¡G  INFO  
Class¡GMESInterface.DCN.JuniperB2BSyn.Start  
MSG¡GStart 




 RecordTime¡G2022-01-04 10:19:57,348 
Type¡G  INFO  
Class¡GMESInterface.DCN.JuniperB2BSyn.Start  
MSG¡GStart 




 RecordTime¡G2022-01-04 10:21:46,542 
Type¡G  INFO  
Class¡GMESInterface.DCN.JuniperB2BSyn.Start  
MSG¡GStart 




 RecordTime¡G2022-01-04 10:21:50,937 
Type¡G  INFO  
Class¡GMESInterface.DCN.JuniperB2BSyn.Start  
MSG¡GEnd 




 RecordTime¡G2022-01-04 10:21:59,407 
Type¡G  INFO  
Class¡GMESInterface.DCN.JuniperB2BSyn.Start  
MSG¡GStart 




 RecordTime¡G2022-01-04 10:23:13,286 
Type¡G  INFO  
Class¡GMESInterface.DCN.JuniperB2BSyn.Start  
MSG¡GEnd 




 RecordTime¡G2022-01-04 10:23:21,240 
Type¡G  INFO  
Class¡GMESInterface.DCN.JuniperB2BSyn.Start  
MSG¡GStart 




 RecordTime¡G2022-01-04 10:35:49,972 
Type¡G  INFO  
Class¡GMESInterface.DCN.JuniperB2BSyn.Start  
MSG¡GStart 




 RecordTime¡G2022-01-04 10:35:54,736 
Type¡G  INFO  
Class¡GMESInterface.DCN.JuniperB2BSyn.Start  
MSG¡GEnd 




 RecordTime¡G2022-01-04 10:36:18,021 
Type¡G  INFO  
Class¡GMESInterface.DCN.JuniperB2BSyn.Start  
MSG¡GStart 




 RecordTime¡G2022-01-04 10:37:49,395 
Type¡G  INFO  
Class¡GMESInterface.DCN.JuniperB2BSyn.Start  
MSG¡GEnd 




 RecordTime¡G2022-01-04 10:38:02,906 
Type¡G  INFO  
Class¡GMESInterface.DCN.JuniperB2BSyn.Start  
MSG¡GStart 




 RecordTime¡G2022-01-04 10:42:18,012 
Type¡G  INFO  
Class¡GMESInterface.DCN.JuniperB2BSyn.Start  
MSG¡GEnd 

