


 RecordTime¡G2022-02-15 10:24:52,690 
Type¡G  INFO  
Class¡GMESInterface.DCN.JuniperB2BSyn.Start  
MSG¡GStart 




 RecordTime¡G2022-02-15 10:27:12,311 
Type¡G  INFO  
Class¡GMESInterface.DCN.JuniperB2BSyn.Start  
MSG¡GEnd 




 RecordTime¡G2022-02-15 10:27:36,214 
Type¡G  INFO  
Class¡GMESInterface.DCN.JuniperB2BSyn.Start  
MSG¡GStart 




 RecordTime¡G2022-02-15 10:32:12,238 
Type¡G  INFO  
Class¡GMESInterface.DCN.JuniperB2BSyn.Start  
MSG¡GStart 




 RecordTime¡G2022-02-15 10:32:16,686 
Type¡G  INFO  
Class¡GMESInterface.DCN.JuniperB2BSyn.Start  
MSG¡GEnd 




 RecordTime¡G2022-02-15 10:33:02,194 
Type¡G  INFO  
Class¡GMESInterface.DCN.JuniperB2BSyn.Start  
MSG¡GStart 




 RecordTime¡G2022-02-15 10:34:28,637 
Type¡G  INFO  
Class¡GMESInterface.DCN.JuniperB2BSyn.Start  
MSG¡GEnd 




 RecordTime¡G2022-02-15 10:34:33,593 
Type¡G  INFO  
Class¡GMESInterface.DCN.JuniperB2BSyn.Start  
MSG¡GStart 




 RecordTime¡G2022-02-15 10:34:45,124 
Type¡G  INFO  
Class¡GMESInterface.DCN.JuniperB2BSyn.Start  
MSG¡GEnd 




 RecordTime¡G2022-02-15 10:35:15,308 
Type¡G  INFO  
Class¡GMESInterface.DCN.JuniperB2BSyn.Start  
MSG¡GStart 




 RecordTime¡G2022-02-15 10:37:38,971 
Type¡G  INFO  
Class¡GMESInterface.DCN.JuniperB2BSyn.Start  
MSG¡GEnd 




 RecordTime¡G2022-02-15 10:37:48,694 
Type¡G  INFO  
Class¡GMESInterface.DCN.JuniperB2BSyn.Start  
MSG¡GStart 




 RecordTime¡G2022-02-15 10:38:01,953 
Type¡G  INFO  
Class¡GMESInterface.DCN.JuniperB2BSyn.Start  
MSG¡GEnd 

