


 RecordTime¡G2022-03-07 10:13:28,298 
Type¡G  INFO  
Class¡GMESInterface.DCN.JuniperB2BSyn.Start  
MSG¡GStart 




 RecordTime¡G2022-03-07 10:14:18,576 
Type¡G  INFO  
Class¡GMESInterface.DCN.JuniperB2BSyn.Start  
MSG¡GEnd 




 RecordTime¡G2022-03-07 10:14:22,835 
Type¡G  INFO  
Class¡GMESInterface.DCN.JuniperB2BSyn.Start  
MSG¡GStart 




 RecordTime¡G2022-03-07 10:14:54,655 
Type¡G  INFO  
Class¡GMESInterface.DCN.JuniperB2BSyn.Start  
MSG¡GEnd 




 RecordTime¡G2022-03-07 10:15:36,283 
Type¡G  INFO  
Class¡GMESInterface.DCN.JuniperB2BSyn.Start  
MSG¡GStart 




 RecordTime¡G2022-03-07 10:17:32,564 
Type¡G  INFO  
Class¡GMESInterface.DCN.JuniperB2BSyn.Start  
MSG¡GEnd 

